#
# There is insufficient memory for the Java Runtime Environment to continue.
# Native memory allocation (malloc) failed to allocate 364176 bytes for Chunk::new
# Possible reasons:
#   The system is out of physical RAM or swap space
#   The process is running with CompressedOops enabled, and the Java Heap may be blocking the growth of the native heap
# Possible solutions:
#   Reduce memory load on the system
#   Increase physical memory or swap space
#   Check if swap backing store is full
#   Decrease Java heap size (-Xmx/-Xms)
#   Decrease number of Java threads
#   Decrease Java thread stack sizes (-Xss)
#   Set larger code cache with -XX:ReservedCodeCacheSize=
#   JVM is running with Zero Based Compressed Oops mode in which the Java heap is
#     placed in the first 32GB address space. The Java Heap base address is the
#     maximum limit for the native heap growth. Please use -XX:HeapBaseMinAddress
#     to set the Java Heap base and to place the Java Heap above 32GB virtual address.
# This output file may be truncated or incomplete.
#
#  Out of Memory Error (allocation.cpp:389), pid=2164, tid=0x00000000000038f8
#
# JRE version: Java(TM) SE Runtime Environment (8.0_271-b09) (build 1.8.0_271-b09)
# Java VM: Java HotSpot(TM) 64-Bit Server VM (25.271-b09 mixed mode windows-amd64 compressed oops)
# Failed to write core dump. Minidumps are not enabled by default on client versions of Windows
#

---------------  T H R E A D  ---------------

Current thread (0x000002c67f799800):  JavaThread "C2 CompilerThread0" daemon [_thread_in_native, id=14584, stack(0x000000ccdad00000,0x000000ccdae00000)]

Stack: [0x000000ccdad00000,0x000000ccdae00000]
Native frames: (J=compiled Java code, j=interpreted, Vv=VM code, C=native code)
V  [jvm.dll+0x33f6c9]
V  [jvm.dll+0x286122]
V  [jvm.dll+0x286dcd]
V  [jvm.dll+0x27d805]
V  [jvm.dll+0xe574c]
V  [jvm.dll+0xe5f4c]
V  [jvm.dll+0x480043]
V  [jvm.dll+0x447c30]
V  [jvm.dll+0x450c25]
V  [jvm.dll+0x44ffe5]
V  [jvm.dll+0x43aef7]
V  [jvm.dll+0xbc3eb]
V  [jvm.dll+0xbaa4b]
V  [jvm.dll+0x24e7c2]
V  [jvm.dll+0x2a2dcc]
C  [ucrtbase.dll+0x214c2]
C  [KERNEL32.DLL+0x17034]
C  [ntdll.dll+0x4d0d1]


Current CompileTask:
C2:  10711 4053       4       groovy.lang.MetaClassImpl$1MOPIter::methodNameAction (479 bytes)


---------------  P R O C E S S  ---------------

Java Threads: ( => current thread )
  0x000002c61a01a800 JavaThread "Keep-Alive-Timer" daemon [_thread_blocked, id=8232, stack(0x000000ccdcb00000,0x000000ccdcc00000)]
  0x000002c61a01c800 JavaThread "Build operations Thread 8" [_thread_blocked, id=14340, stack(0x000000ccdca00000,0x000000ccdcb00000)]
  0x000002c61a011000 JavaThread "Build operations Thread 7" [_thread_blocked, id=7176, stack(0x000000ccdc900000,0x000000ccdca00000)]
  0x000002c61a018000 JavaThread "Build operations Thread 6" [_thread_blocked, id=14436, stack(0x000000ccdc800000,0x000000ccdc900000)]
  0x000002c61a014000 JavaThread "Build operations Thread 5" [_thread_blocked, id=14616, stack(0x000000ccdc700000,0x000000ccdc800000)]
  0x000002c61a013800 JavaThread "Build operations Thread 4" [_thread_blocked, id=5100, stack(0x000000ccdc600000,0x000000ccdc700000)]
  0x000002c61a012800 JavaThread "Build operations Thread 3" [_thread_blocked, id=20160, stack(0x000000ccdc500000,0x000000ccdc600000)]
  0x000002c61a017000 JavaThread "Build operations Thread 2" [_thread_blocked, id=18808, stack(0x000000ccdc400000,0x000000ccdc500000)]
  0x000002c61a015800 JavaThread "Build operations" [_thread_blocked, id=19772, stack(0x000000ccdc300000,0x000000ccdc400000)]
  0x000002c61a012000 JavaThread "Cache worker for Artifact transforms cache (C:\Users\Xavier\.gradle\caches\transforms-1)" [_thread_blocked, id=5620, stack(0x000000ccdc200000,0x000000ccdc300000)]
  0x000002c61a015000 JavaThread "Cache worker for cache directory md-rule (C:\Users\Xavier\.gradle\caches\4.10.3\md-rule)" [_thread_blocked, id=15908, stack(0x000000ccdc100000,0x000000ccdc200000)]
  0x000002c61747c000 JavaThread "Cache worker for cache directory md-supplier (C:\Users\Xavier\.gradle\caches\4.10.3\md-supplier)" [_thread_blocked, id=20768, stack(0x000000ccdc000000,0x000000ccdc100000)]
  0x000002c61747a800 JavaThread "Cache worker for journal cache (C:\Users\Xavier\.gradle\caches\journal-1)" [_thread_blocked, id=15664, stack(0x000000ccdbf00000,0x000000ccdc000000)]
  0x000002c617479000 JavaThread "Cache worker for file hash cache (C:\Users\Xavier\Documents\GitHub\client\.gradle\4.10.3\fileHashes)" [_thread_blocked, id=16028, stack(0x000000ccdbe00000,0x000000ccdbf00000)]
  0x000002c61747a000 JavaThread "File lock request listener" [_thread_in_native, id=21736, stack(0x000000ccdbd00000,0x000000ccdbe00000)]
  0x000002c61747b800 JavaThread "Cache worker for file hash cache (C:\Users\Xavier\.gradle\caches\4.10.3\fileHashes)" [_thread_blocked, id=14888, stack(0x000000ccdbc00000,0x000000ccdbd00000)]
  0x000002c6173c0000 JavaThread "Stdin handler" [_thread_blocked, id=21856, stack(0x000000ccdbb00000,0x000000ccdbc00000)]
  0x000002c61728d000 JavaThread "Asynchronous log dispatcher for DefaultDaemonConnection: socket connection from /127.0.0.1:57273 to /127.0.0.1:57274" [_thread_blocked, id=17948, stack(0x000000ccdba00000,0x000000ccdbb00000)]
  0x000002c617287000 JavaThread "Daemon worker" [_thread_in_vm, id=3124, stack(0x000000ccdb900000,0x000000ccdba00000)]
  0x000002c61728f800 JavaThread "Cancel handler" [_thread_blocked, id=13300, stack(0x000000ccdb800000,0x000000ccdb900000)]
  0x000002c615dc5800 JavaThread "Handler for socket connection from /127.0.0.1:57273 to /127.0.0.1:57274" [_thread_in_native, id=5092, stack(0x000000ccdb700000,0x000000ccdb800000)]
  0x000002c616073800 JavaThread "Daemon" [_thread_blocked, id=14596, stack(0x000000ccdb600000,0x000000ccdb700000)]
  0x000002c61604c800 JavaThread "Daemon periodic checks" [_thread_blocked, id=13544, stack(0x000000ccdb500000,0x000000ccdb600000)]
  0x000002c616112800 JavaThread "Incoming local TCP Connector on port 57273" [_thread_in_native, id=8220, stack(0x000000ccdb400000,0x000000ccdb500000)]
  0x000002c616e31000 JavaThread "Daemon health stats" [_thread_blocked, id=18864, stack(0x000000ccdb300000,0x000000ccdb400000)]
  0x000002c67f7bd800 JavaThread "Service Thread" daemon [_thread_blocked, id=17668, stack(0x000000ccdb100000,0x000000ccdb200000)]
  0x000002c67f7b3000 JavaThread "C1 CompilerThread3" daemon [_thread_in_vm, id=13116, stack(0x000000ccdb000000,0x000000ccdb100000)]
  0x000002c67f79c000 JavaThread "C2 CompilerThread2" daemon [_thread_blocked, id=7036, stack(0x000000ccdaf00000,0x000000ccdb000000)]
  0x000002c67f79b800 JavaThread "C2 CompilerThread1" daemon [_thread_blocked, id=18636, stack(0x000000ccdae00000,0x000000ccdaf00000)]
=>0x000002c67f799800 JavaThread "C2 CompilerThread0" daemon [_thread_in_native, id=14584, stack(0x000000ccdad00000,0x000000ccdae00000)]
  0x000002c67f796800 JavaThread "Attach Listener" daemon [_thread_blocked, id=17720, stack(0x000000ccdac00000,0x000000ccdad00000)]
  0x000002c67f7ad000 JavaThread "Signal Dispatcher" daemon [_thread_blocked, id=12824, stack(0x000000ccdab00000,0x000000ccdac00000)]
  0x000002c67eb8c000 JavaThread "Finalizer" daemon [_thread_blocked, id=21784, stack(0x000000ccdaa00000,0x000000ccdab00000)]
  0x000002c67f77a000 JavaThread "Reference Handler" daemon [_thread_blocked, id=13336, stack(0x000000ccda900000,0x000000ccdaa00000)]
  0x000002c67b501000 JavaThread "main" [_thread_blocked, id=13216, stack(0x000000ccd9f00000,0x000000ccda000000)]

Other Threads:
  0x000002c67f752000 VMThread [stack: 0x000000ccda800000,0x000000ccda900000] [id=10124]
  0x000002c615bda800 WatcherThread [stack: 0x000000ccdb200000,0x000000ccdb300000] [id=7756]

VM state:not at safepoint (normal execution)

VM Mutex/Monitor currently owned by a thread: None

heap address: 0x0000000100000000, size: 3072 MB, Compressed Oops mode: Zero based, Oop shift amount: 3
Narrow klass base: 0x0000000000000000, Narrow klass shift: 3
Compressed class space size: 1073741824 Address: 0x00000001c0000000

Heap:
 PSYoungGen      total 84480K, used 45465K [0x0000000180000000, 0x0000000185c80000, 0x00000001c0000000)
  eden space 74240K, 48% used [0x0000000180000000,0x00000001822e2b58,0x0000000184880000)
  from space 10240K, 95% used [0x0000000184880000,0x0000000185203a90,0x0000000185280000)
  to   space 10240K, 0% used [0x0000000185280000,0x0000000185280000,0x0000000185c80000)
 ParOldGen       total 91136K, used 15841K [0x0000000100000000, 0x0000000105900000, 0x0000000180000000)
  object space 91136K, 17% used [0x0000000100000000,0x0000000100f786c8,0x0000000105900000)
 Metaspace       used 45594K, capacity 46184K, committed 46592K, reserved 1091584K
  class space    used 6408K, capacity 6610K, committed 6656K, reserved 1048576K

Card table byte_map: [0x000002c67d240000,0x000002c67d850000] byte_map_base: 0x000002c67ca40000

Marking Bits: (ParMarkBitMap*) 0x00000000554b7fe0
 Begin Bits: [0x000002c60f000000, 0x000002c612000000)
 End Bits:   [0x000002c612000000, 0x000002c615000000)

Polling page: 0x000002c67ce50000

CodeCache: size=245760Kb used=13672Kb max_used=13681Kb free=232087Kb
 bounds [0x000002c600000000, 0x000002c600d70000, 0x000002c60f000000]
 total_blobs=4516 nmethods=3746 adapters=681
 compilation: enabled

Compilation events (10 events):
Event: 10.694 Thread 0x000002c67f7b3000 4086       3       sun.reflect.AccessorGenerator::add (5 bytes)
Event: 10.694 Thread 0x000002c67f7b3000 nmethod 4086 0x000002c600d58410 code [0x000002c600d58560, 0x000002c600d586b8]
Event: 10.696 Thread 0x000002c67f7b3000 4087       1       java.net.JarURLConnection::getEntryName (5 bytes)
Event: 10.696 Thread 0x000002c67f7b3000 nmethod 4087 0x000002c600d58150 code [0x000002c600d582a0, 0x000002c600d583b8]
Event: 10.696 Thread 0x000002c67f7b3000 4088   !   3       sun.misc.URLClassPath::check (123 bytes)
Event: 10.697 Thread 0x000002c67f7b3000 nmethod 4088 0x000002c600d59b50 code [0x000002c600d59e20, 0x000002c600d5b6b0]
Event: 10.697 Thread 0x000002c67f7b3000 4089       3       org.gradle.api.internal.collections.IterationOrderRetainingSetElementSource$1::isSatisfiedBy (9 bytes)
Event: 10.697 Thread 0x000002c67f7b3000 nmethod 4089 0x000002c600d57b10 code [0x000002c600d57c80, 0x000002c600d58018]
Event: 10.697 Thread 0x000002c67f7b3000 4090       3       org.gradle.api.internal.collections.IterationOrderRetainingSetElementSource$1::isSatisfiedBy (15 bytes)
Event: 10.697 Thread 0x000002c67f7b3000 nmethod 4090 0x000002c600d57690 code [0x000002c600d57800, 0x000002c600d57a18]

GC Heap History (10 events):
Event: 5.772 GC heap before
{Heap before GC invocations=9 (full 1):
 PSYoungGen      total 43520K, used 37512K [0x0000000180000000, 0x0000000184780000, 0x00000001c0000000)
  eden space 32256K, 100% used [0x0000000180000000,0x0000000181f80000,0x0000000181f80000)
  from space 11264K, 46% used [0x0000000181f80000,0x00000001824a2010,0x0000000182a80000)
  to   space 10752K, 0% used [0x0000000183d00000,0x0000000183d00000,0x0000000184780000)
 ParOldGen       total 61952K, used 9655K [0x0000000100000000, 0x0000000103c80000, 0x0000000180000000)
  object space 61952K, 15% used [0x0000000100000000,0x000000010096dcb0,0x0000000103c80000)
 Metaspace       used 28780K, capacity 29202K, committed 29440K, reserved 1075200K
  class space    used 4076K, capacity 4262K, committed 4352K, reserved 1048576K
Event: 5.777 GC heap after
Heap after GC invocations=9 (full 1):
 PSYoungGen      total 62976K, used 6026K [0x0000000180000000, 0x0000000184900000, 0x00000001c0000000)
  eden space 52224K, 0% used [0x0000000180000000,0x0000000180000000,0x0000000183300000)
  from space 10752K, 56% used [0x0000000183d00000,0x00000001842e28f8,0x0000000184780000)
  to   space 10240K, 0% used [0x0000000183300000,0x0000000183300000,0x0000000183d00000)
 ParOldGen       total 61952K, used 9663K [0x0000000100000000, 0x0000000103c80000, 0x0000000180000000)
  object space 61952K, 15% used [0x0000000100000000,0x000000010096fcb0,0x0000000103c80000)
 Metaspace       used 28780K, capacity 29202K, committed 29440K, reserved 1075200K
  class space    used 4076K, capacity 4262K, committed 4352K, reserved 1048576K
}
Event: 6.579 GC heap before
{Heap before GC invocations=10 (full 1):
 PSYoungGen      total 62976K, used 58250K [0x0000000180000000, 0x0000000184900000, 0x00000001c0000000)
  eden space 52224K, 100% used [0x0000000180000000,0x0000000183300000,0x0000000183300000)
  from space 10752K, 56% used [0x0000000183d00000,0x00000001842e28f8,0x0000000184780000)
  to   space 10240K, 0% used [0x0000000183300000,0x0000000183300000,0x0000000183d00000)
 ParOldGen       total 61952K, used 9663K [0x0000000100000000, 0x0000000103c80000, 0x0000000180000000)
  object space 61952K, 15% used [0x0000000100000000,0x000000010096fcb0,0x0000000103c80000)
 Metaspace       used 32830K, capacity 33380K, committed 33536K, reserved 1077248K
  class space    used 4654K, capacity 4863K, committed 4864K, reserved 1048576K
Event: 6.586 GC heap after
Heap after GC invocations=10 (full 1):
 PSYoungGen      total 62464K, used 7805K [0x0000000180000000, 0x0000000185d00000, 0x00000001c0000000)
  eden space 52224K, 0% used [0x0000000180000000,0x0000000180000000,0x0000000183300000)
  from space 10240K, 76% used [0x0000000183300000,0x0000000183a9f498,0x0000000183d00000)
  to   space 10752K, 0% used [0x0000000185280000,0x0000000185280000,0x0000000185d00000)
 ParOldGen       total 61952K, used 11811K [0x0000000100000000, 0x0000000103c80000, 0x0000000180000000)
  object space 61952K, 19% used [0x0000000100000000,0x0000000100b88ce0,0x0000000103c80000)
 Metaspace       used 32830K, capacity 33380K, committed 33536K, reserved 1077248K
  class space    used 4654K, capacity 4863K, committed 4864K, reserved 1048576K
}
Event: 7.042 GC heap before
{Heap before GC invocations=11 (full 1):
 PSYoungGen      total 62464K, used 28387K [0x0000000180000000, 0x0000000185d00000, 0x00000001c0000000)
  eden space 52224K, 39% used [0x0000000180000000,0x0000000181419888,0x0000000183300000)
  from space 10240K, 76% used [0x0000000183300000,0x0000000183a9f498,0x0000000183d00000)
  to   space 10752K, 0% used [0x0000000185280000,0x0000000185280000,0x0000000185d00000)
 ParOldGen       total 61952K, used 11811K [0x0000000100000000, 0x0000000103c80000, 0x0000000180000000)
  object space 61952K, 19% used [0x0000000100000000,0x0000000100b88ce0,0x0000000103c80000)
 Metaspace       used 34721K, capacity 35240K, committed 35456K, reserved 1079296K
  class space    used 4959K, capacity 5157K, committed 5248K, reserved 1048576K
Event: 7.050 GC heap after
Heap after GC invocations=11 (full 1):
 PSYoungGen      total 84480K, used 4834K [0x0000000180000000, 0x0000000185c80000, 0x00000001c0000000)
  eden space 74240K, 0% used [0x0000000180000000,0x0000000180000000,0x0000000184880000)
  from space 10240K, 47% used [0x0000000185280000,0x0000000185738bc0,0x0000000185c80000)
  to   space 10240K, 0% used [0x0000000184880000,0x0000000184880000,0x0000000185280000)
 ParOldGen       total 61952K, used 14050K [0x0000000100000000, 0x0000000103c80000, 0x0000000180000000)
  object space 61952K, 22% used [0x0000000100000000,0x0000000100db8870,0x0000000103c80000)
 Metaspace       used 34721K, capacity 35240K, committed 35456K, reserved 1079296K
  class space    used 4959K, capacity 5157K, committed 5248K, reserved 1048576K
}
Event: 7.050 GC heap before
{Heap before GC invocations=12 (full 2):
 PSYoungGen      total 84480K, used 4834K [0x0000000180000000, 0x0000000185c80000, 0x00000001c0000000)
  eden space 74240K, 0% used [0x0000000180000000,0x0000000180000000,0x0000000184880000)
  from space 10240K, 47% used [0x0000000185280000,0x0000000185738bc0,0x0000000185c80000)
  to   space 10240K, 0% used [0x0000000184880000,0x0000000184880000,0x0000000185280000)
 ParOldGen       total 61952K, used 14050K [0x0000000100000000, 0x0000000103c80000, 0x0000000180000000)
  object space 61952K, 22% used [0x0000000100000000,0x0000000100db8870,0x0000000103c80000)
 Metaspace       used 34721K, capacity 35240K, committed 35456K, reserved 1079296K
  class space    used 4959K, capacity 5157K, committed 5248K, reserved 1048576K
Event: 7.106 GC heap after
Heap after GC invocations=12 (full 2):
 PSYoungGen      total 84480K, used 0K [0x0000000180000000, 0x0000000185c80000, 0x00000001c0000000)
  eden space 74240K, 0% used [0x0000000180000000,0x0000000180000000,0x0000000184880000)
  from space 10240K, 0% used [0x0000000185280000,0x0000000185280000,0x0000000185c80000)
  to   space 10240K, 0% used [0x0000000184880000,0x0000000184880000,0x0000000185280000)
 ParOldGen       total 91136K, used 15833K [0x0000000100000000, 0x0000000105900000, 0x0000000180000000)
  object space 91136K, 17% used [0x0000000100000000,0x0000000100f766c8,0x0000000105900000)
 Metaspace       used 34721K, capacity 35240K, committed 35456K, reserved 1079296K
  class space    used 4959K, capacity 5157K, committed 5248K, reserved 1048576K
}
Event: 9.779 GC heap before
{Heap before GC invocations=13 (full 2):
 PSYoungGen      total 84480K, used 74240K [0x0000000180000000, 0x0000000185c80000, 0x00000001c0000000)
  eden space 74240K, 100% used [0x0000000180000000,0x0000000184880000,0x0000000184880000)
  from space 10240K, 0% used [0x0000000185280000,0x0000000185280000,0x0000000185c80000)
  to   space 10240K, 0% used [0x0000000184880000,0x0000000184880000,0x0000000185280000)
 ParOldGen       total 91136K, used 15833K [0x0000000100000000, 0x0000000105900000, 0x0000000180000000)
  object space 91136K, 17% used [0x0000000100000000,0x0000000100f766c8,0x0000000105900000)
 Metaspace       used 43650K, capacity 44266K, committed 44544K, reserved 1087488K
  class space    used 6127K, capacity 6342K, committed 6400K, reserved 1048576K
Event: 9.787 GC heap after
Heap after GC invocations=13 (full 2):
 PSYoungGen      total 84480K, used 9742K [0x0000000180000000, 0x0000000185c80000, 0x00000001c0000000)
  eden space 74240K, 0% used [0x0000000180000000,0x0000000180000000,0x0000000184880000)
  from space 10240K, 95% used [0x0000000184880000,0x0000000185203a90,0x0000000185280000)
  to   space 10240K, 0% used [0x0000000185280000,0x0000000185280000,0x0000000185c80000)
 ParOldGen       total 91136K, used 15841K [0x0000000100000000, 0x0000000105900000, 0x0000000180000000)
  object space 91136K, 17% used [0x0000000100000000,0x0000000100f786c8,0x0000000105900000)
 Metaspace       used 43650K, capacity 44266K, committed 44544K, reserved 1087488K
  class space    used 6127K, capacity 6342K, committed 6400K, reserved 1048576K
}

Deoptimization events (10 events):
Event: 9.734 Thread 0x000002c617287000 Uncommon trap: reason=unstable_if action=reinterpret pc=0x000002c600af223c method=java.lang.String.lastIndexOf([CII[CIII)I @ 118
Event: 9.777 Thread 0x000002c617287000 Uncommon trap: reason=unstable_if action=reinterpret pc=0x000002c600581994 method=java.util.concurrent.ConcurrentHashMap.addCount(JI)V @ 110
Event: 9.777 Thread 0x000002c617287000 Uncommon trap: reason=unstable_if action=reinterpret pc=0x000002c600cb5e48 method=java.util.concurrent.ConcurrentHashMap.addCount(JI)V @ 110
Event: 10.527 Thread 0x000002c617287000 Uncommon trap: reason=class_check action=maybe_recompile pc=0x000002c6002f6d50 method=java.lang.reflect.Executable.getAnnotation(Ljava/lang/Class;)Ljava/lang/annotation/Annotation; @ 19
Event: 10.564 Thread 0x000002c617287000 Uncommon trap: reason=class_check action=maybe_recompile pc=0x000002c6002f6d50 method=java.lang.reflect.Executable.getAnnotation(Ljava/lang/Class;)Ljava/lang/annotation/Annotation; @ 19
Event: 10.666 Thread 0x000002c617287000 Uncommon trap: reason=unstable_if action=reinterpret pc=0x000002c6001d0fc0 method=java.util.regex.Pattern$Curly.match(Ljava/util/regex/Matcher;ILjava/lang/CharSequence;)Z @ 45
Event: 10.667 Thread 0x000002c617287000 Uncommon trap: reason=class_check action=maybe_recompile pc=0x000002c60036d1d0 method=java.util.regex.Pattern$BmpCharProperty.match(Ljava/util/regex/Matcher;ILjava/lang/CharSequence;)Z @ 11
Event: 10.667 Thread 0x000002c617287000 Uncommon trap: reason=class_check action=maybe_recompile pc=0x000002c60036d1d0 method=java.util.regex.Pattern$BmpCharProperty.match(Ljava/util/regex/Matcher;ILjava/lang/CharSequence;)Z @ 11
Event: 10.667 Thread 0x000002c617287000 Uncommon trap: reason=class_check action=maybe_recompile pc=0x000002c60036d1d0 method=java.util.regex.Pattern$BmpCharProperty.match(Ljava/util/regex/Matcher;ILjava/lang/CharSequence;)Z @ 11
Event: 10.667 Thread 0x000002c617287000 Uncommon trap: reason=class_check action=maybe_recompile pc=0x000002c60036d1d0 method=java.util.regex.Pattern$BmpCharProperty.match(Ljava/util/regex/Matcher;ILjava/lang/CharSequence;)Z @ 11

Classes redefined (0 events):
No events

Internal exceptions (10 events):
Event: 10.528 Thread 0x000002c617287000 Exception <a 'java/lang/ClassNotFoundException': net/minecraftforge/gradle/user/UserBasePlugin$4BeanInfo> (0x0000000181707410) thrown at [C:\jenkins\workspace\8-2-build-windows-amd64-cygwin\jdk8u271\605\hotspot\src\share\vm\classfile\systemDictionary.cpp,
Event: 10.528 Thread 0x000002c617287000 Exception <a 'java/lang/ClassNotFoundException': net/minecraftforge/gradle/user/UserBasePlugin$4Customizer> (0x0000000181717950) thrown at [C:\jenkins\workspace\8-2-build-windows-amd64-cygwin\jdk8u271\605\hotspot\src\share\vm\classfile\systemDictionary.cp
Event: 10.673 Thread 0x000002c617287000 Exception <a 'java/lang/ClassNotFoundException': net/minecraftforge/gradle/util/delayed/DelayedStringBeanInfo> (0x0000000181a4e8e0) thrown at [C:\jenkins\workspace\8-2-build-windows-amd64-cygwin\jdk8u271\605\hotspot\src\share\vm\classfile\systemDictionary
Event: 10.674 Thread 0x000002c617287000 Exception <a 'java/lang/ClassNotFoundException': net/minecraftforge/gradle/util/delayed/DelayedStringCustomizer> (0x0000000181a5fb48) thrown at [C:\jenkins\workspace\8-2-build-windows-amd64-cygwin\jdk8u271\605\hotspot\src\share\vm\classfile\systemDictiona
Event: 10.679 Thread 0x000002c617287000 Exception <a 'java/lang/ClassNotFoundException': net/minecraftforge/gradle/user/ReobfTaskFactory$1BeanInfo> (0x0000000181b0c980) thrown at [C:\jenkins\workspace\8-2-build-windows-amd64-cygwin\jdk8u271\605\hotspot\src\share\vm\classfile\systemDictionary.cp
Event: 10.679 Thread 0x000002c617287000 Exception <a 'java/lang/ClassNotFoundException': net/minecraftforge/gradle/user/ReobfTaskFactory$1Customizer> (0x0000000181b1d818) thrown at [C:\jenkins\workspace\8-2-build-windows-amd64-cygwin\jdk8u271\605\hotspot\src\share\vm\classfile\systemDictionary.
Event: 10.683 Thread 0x000002c617287000 Exception <a 'java/lang/ClassNotFoundException': net/minecraftforge/gradle/user/ReobfTaskFactory$ReobfTaskWrapperBeanInfo> (0x0000000181ba3d70) thrown at [C:\jenkins\workspace\8-2-build-windows-amd64-cygwin\jdk8u271\605\hotspot\src\share\vm\classfile\syst
Event: 10.683 Thread 0x000002c617287000 Exception <a 'java/lang/ClassNotFoundException': net/minecraftforge/gradle/user/ReobfTaskFactory$ReobfTaskWrapperCustomizer> (0x0000000181bb6a30) thrown at [C:\jenkins\workspace\8-2-build-windows-amd64-cygwin\jdk8u271\605\hotspot\src\share\vm\classfile\sy
Event: 10.685 Thread 0x000002c617287000 Exception <a 'java/lang/ClassNotFoundException': net/minecraftforge/gradle/user/patcherUser/PatcherUserBasePlugin$1BeanInfo> (0x0000000181c117a8) thrown at [C:\jenkins\workspace\8-2-build-windows-amd64-cygwin\jdk8u271\605\hotspot\src\share\vm\classfile\sy
Event: 10.686 Thread 0x000002c617287000 Exception <a 'java/lang/ClassNotFoundException': net/minecraftforge/gradle/user/patcherUser/PatcherUserBasePlugin$1Customizer> (0x0000000181c24bb0) thrown at [C:\jenkins\workspace\8-2-build-windows-amd64-cygwin\jdk8u271\605\hotspot\src\share\vm\classfile\

Events (10 events):
Event: 10.692 loading class net/minecraftforge/gradle/tasks/PatchSourcesTask
Event: 10.692 loading class net/minecraftforge/gradle/tasks/PatchSourcesTask done
Event: 10.692 loading class com/cloudbees/diff/PatchException
Event: 10.692 loading class com/cloudbees/diff/PatchException done
Event: 10.693 loading class net/minecraftforge/gradle/tasks/PatchSourcesTask$ContextProvider
Event: 10.693 loading class net/minecraftforge/gradle/tasks/PatchSourcesTask$ContextProvider done
Event: 10.695 loading class net/minecraftforge/gradle/user/patcherUser/forge/McVersionTransformer
Event: 10.695 loading class net/minecraftforge/gradle/user/patcherUser/forge/McVersionTransformer done
Event: 10.696 loading class net/minecraftforge/gradle/user/patcherUser/forge/ForgePlugin$1
Event: 10.696 loading class net/minecraftforge/gradle/user/patcherUser/forge/ForgePlugin$1 done


Dynamic libraries:
0x00007ff6ac400000 - 0x00007ff6ac447000 	C:\Program Files\Java\jdk1.8.0_271\bin\java.exe
0x00007ffb82e50000 - 0x00007ffb83046000 	C:\Windows\SYSTEM32\ntdll.dll
0x00007ffb81480000 - 0x00007ffb8153d000 	C:\Windows\System32\KERNEL32.DLL
0x00007ffb80590000 - 0x00007ffb80859000 	C:\Windows\System32\KERNELBASE.dll
0x00007ffb82d60000 - 0x00007ffb82e0c000 	C:\Windows\System32\ADVAPI32.dll
0x00007ffb80fb0000 - 0x00007ffb8104e000 	C:\Windows\System32\msvcrt.dll
0x00007ffb820f0000 - 0x00007ffb8218c000 	C:\Windows\System32\sechost.dll
0x00007ffb821f0000 - 0x00007ffb8231b000 	C:\Windows\System32\RPCRT4.dll
0x00007ffb81cc0000 - 0x00007ffb81e60000 	C:\Windows\System32\USER32.dll
0x00007ffb80b10000 - 0x00007ffb80b32000 	C:\Windows\System32\win32u.dll
0x00007ffb80f80000 - 0x00007ffb80faa000 	C:\Windows\System32\GDI32.dll
0x00007ffb80ca0000 - 0x00007ffb80da9000 	C:\Windows\System32\gdi32full.dll
0x00007ffb80910000 - 0x00007ffb809ad000 	C:\Windows\System32\msvcp_win.dll
0x00007ffb80db0000 - 0x00007ffb80eb0000 	C:\Windows\System32\ucrtbase.dll
0x00007ffb6acf0000 - 0x00007ffb6af8b000 	C:\Windows\WinSxS\amd64_microsoft.windows.common-controls_6595b64144ccf1df_6.0.19041.488_none_ca04af081b815d21\COMCTL32.dll
0x00007ffb81c90000 - 0x00007ffb81cc0000 	C:\Windows\System32\IMM32.DLL
0x00007ffb67890000 - 0x00007ffb678a5000 	C:\Program Files\Java\jdk1.8.0_271\jre\bin\vcruntime140.dll
0x00007ffb53250000 - 0x00007ffb532eb000 	C:\Program Files\Java\jdk1.8.0_271\jre\bin\msvcp140.dll
0x0000000054cc0000 - 0x000000005552f000 	C:\Program Files\Java\jdk1.8.0_271\jre\bin\server\jvm.dll
0x00007ffb82510000 - 0x00007ffb82518000 	C:\Windows\System32\PSAPI.DLL
0x00007ffb77c90000 - 0x00007ffb77cb7000 	C:\Windows\SYSTEM32\WINMM.dll
0x00007ffb7d4f0000 - 0x00007ffb7d4f9000 	C:\Windows\SYSTEM32\WSOCK32.dll
0x00007ffb78690000 - 0x00007ffb7869a000 	C:\Windows\SYSTEM32\VERSION.dll
0x00007ffb81410000 - 0x00007ffb8147b000 	C:\Windows\System32\WS2_32.dll
0x00007ffb7e4e0000 - 0x00007ffb7e4f2000 	C:\Windows\SYSTEM32\kernel.appcore.dll
0x00007ffb6dd10000 - 0x00007ffb6dd20000 	C:\Program Files\Java\jdk1.8.0_271\jre\bin\verify.dll
0x00007ffb66a80000 - 0x00007ffb66aab000 	C:\Program Files\Java\jdk1.8.0_271\jre\bin\java.dll
0x00007ffb67620000 - 0x00007ffb67638000 	C:\Program Files\Java\jdk1.8.0_271\jre\bin\zip.dll
0x00007ffb81540000 - 0x00007ffb81c82000 	C:\Windows\System32\SHELL32.dll
0x00007ffb7e6e0000 - 0x00007ffb7ee75000 	C:\Windows\SYSTEM32\windows.storage.dll
0x00007ffb81050000 - 0x00007ffb813a6000 	C:\Windows\System32\combase.dll
0x00007ffb80000000 - 0x00007ffb8002c000 	C:\Windows\SYSTEM32\Wldp.dll
0x00007ffb823a0000 - 0x00007ffb8244e000 	C:\Windows\System32\SHCORE.dll
0x00007ffb813b0000 - 0x00007ffb81405000 	C:\Windows\System32\shlwapi.dll
0x00007ffb804c0000 - 0x00007ffb804e6000 	C:\Windows\SYSTEM32\profapi.dll
0x00007ffb67080000 - 0x00007ffb6709c000 	C:\Program Files\Java\jdk1.8.0_271\jre\bin\net.dll
0x00007ffb7fd10000 - 0x00007ffb7fd7a000 	C:\Windows\system32\mswsock.dll
0x00007ffb66c50000 - 0x00007ffb66c63000 	C:\Program Files\Java\jdk1.8.0_271\jre\bin\nio.dll
0x00007ffb6dc30000 - 0x00007ffb6dc4e000 	C:\Users\Xavier\.gradle\native\25\windows-amd64\native-platform.dll
0x00007ffb6dca0000 - 0x00007ffb6dcad000 	C:\Program Files\Java\jdk1.8.0_271\jre\bin\management.dll
0x00007ffb7fee0000 - 0x00007ffb7fef8000 	C:\Windows\SYSTEM32\CRYPTSP.dll
0x00007ffb7f640000 - 0x00007ffb7f674000 	C:\Windows\system32\rsaenh.dll
0x00007ffb80ae0000 - 0x00007ffb80b07000 	C:\Windows\System32\bcrypt.dll
0x00007ffb80480000 - 0x00007ffb804ae000 	C:\Windows\SYSTEM32\USERENV.dll
0x00007ffb80a60000 - 0x00007ffb80ae0000 	C:\Windows\System32\bcryptprimitives.dll
0x00007ffb7ff00000 - 0x00007ffb7ff0c000 	C:\Windows\SYSTEM32\CRYPTBASE.dll
0x00007ffb7fa00000 - 0x00007ffb7fa3b000 	C:\Windows\SYSTEM32\IPHLPAPI.DLL
0x00007ffb82450000 - 0x00007ffb82458000 	C:\Windows\System32\NSI.dll
0x00007ffb7a020000 - 0x00007ffb7a037000 	C:\Windows\SYSTEM32\dhcpcsvc6.DLL
0x00007ffb7a000000 - 0x00007ffb7a01d000 	C:\Windows\SYSTEM32\dhcpcsvc.DLL
0x00007ffb7fa40000 - 0x00007ffb7fb0b000 	C:\Windows\SYSTEM32\DNSAPI.dll
0x00007ffb662c0000 - 0x00007ffb662e4000 	C:\Program Files\Java\jdk1.8.0_271\jre\bin\sunec.dll
0x00007ffb78640000 - 0x00007ffb7864a000 	C:\Windows\System32\rasadhlp.dll
0x00007ffb77d30000 - 0x00007ffb77daf000 	C:\Windows\System32\fwpuclnt.dll
0x00007ffb67d80000 - 0x00007ffb67d8d000 	C:\Program Files\Java\jdk1.8.0_271\jre\bin\sunmscapi.dll
0x00007ffb80b40000 - 0x00007ffb80c9d000 	C:\Windows\System32\CRYPT32.dll
0x00007ffb80070000 - 0x00007ffb80097000 	C:\Windows\SYSTEM32\ncrypt.dll
0x00007ffb80030000 - 0x00007ffb8006b000 	C:\Windows\SYSTEM32\NTASN1.dll
0x00007ffb6c650000 - 0x00007ffb6c834000 	C:\Windows\SYSTEM32\dbghelp.dll

VM Arguments:
jvm_args: -XX:HeapBaseMinAddress=4G -Xmx3G -Dfile.encoding=windows-1252 -Duser.country=US -Duser.language=en -Duser.variant 
java_command: org.gradle.launcher.daemon.bootstrap.GradleDaemon 4.10.3
java_class_path (initial): C:\Users\Xavier\.gradle\wrapper\dists\gradle-4.10.3-all\81msde2dx9p4vji0mjgtvxkcb\gradle-4.10.3\lib\gradle-launcher-4.10.3.jar
Launcher Type: SUN_STANDARD

Environment Variables:
PATH=C:\Program Files (x86)\Common Files\Oracle\Java\javapath;C:\Windows\system32;C:\Windows;C:\Windows\System32\Wbem;C:\Windows\System32\WindowsPowerShell\v1.0\;C:\Windows\System32\OpenSSH\;C:\Program Files (x86)\NVIDIA Corporation\PhysX\Common;C:\Program Files\NVIDIA Corporation\NVIDIA NvDLISR;C:\Program Files\Git\cmd;C:\Program Files\Git\mingw64\bin;C:\Program Files\Git\usr\bin;C:\Users\Xavier\AppData\Local\Programs\Python\Python38\Scripts\;C:\Users\Xavier\AppData\Local\Programs\Python\Python38\;C:\Users\Xavier\AppData\Local\Programs\Python\Python39\Scripts\;C:\Users\Xavier\AppData\Local\Programs\Python\Python39\;C:\Users\Xavier\AppData\Local\Microsoft\WindowsApps;C:\Users\Xavier\AppData\Local\Programs\Fiddler;C:\Users\Xavier\AppData\Local\Programs\Microsoft VS Code\bin;C:\bin;C:\cygwin64\bin;C:\Users\Xavier\AppData\Local\GitHubDesktop\bin;C:\Users\Xavier\Desktop\Tools\gradle-6.7.1\bin;;C:\Program Files\JetBrains\IntelliJ IDEA Community Edition 2020.3\bin;
USERNAME=Xavier
OS=Windows_NT
PROCESSOR_IDENTIFIER=Intel64 Family 6 Model 158 Stepping 10, GenuineIntel



---------------  S Y S T E M  ---------------

OS: Windows 10.0 , 64 bit Build 19041 (10.0.19041.662)

CPU:total 8 (initial active 8) (4 cores per cpu, 2 threads per core) family 6 model 158 stepping 10, cmov, cx8, fxsr, mmx, sse, sse2, sse3, ssse3, sse4.1, sse4.2, popcnt, avx, avx2, aes, clmul, erms, 3dnowpref, lzcnt, ht, tsc, tscinvbit, bmi1, bmi2, adx

Memory: 4k page, physical 8240372k(745524k free), swap 13360372k(2084k free)

vm_info: Java HotSpot(TM) 64-Bit Server VM (25.271-b09) for windows-amd64 JRE (1.8.0_271-b09), built on Sep 16 2020 19:14:59 by "" with MS VC++ 15.9 (VS2017)

time: Sat Dec 12 14:46:04 2020
timezone: Eastern Standard Time
elapsed time: 10.717298 seconds (0d 0h 0m 10s)

